0 info it worked if it ends with ok
1 verbose cli [ '/Users/benjamincoenen/.nvm/v0.10.38/bin/node',
1 verbose cli   '/Users/benjamincoenen/.nvm/v0.10.38/bin/npm',
1 verbose cli   'version',
1 verbose cli   'patch',
1 verbose cli   '-m',
1 verbose cli   'Add keywords' ]
2 info using npm@1.4.28
3 info using node@v0.10.38
4 error Error: Git working directory not clean.
4 error M package.json
4 error     at /Users/benjamincoenen/.nvm/v0.10.38/lib/node_modules/npm/lib/version.js:91:33
4 error     at ChildProcess.exithandler (child_process.js:656:7)
4 error     at ChildProcess.emit (events.js:98:17)
4 error     at maybeClose (child_process.js:766:16)
4 error     at Socket.<anonymous> (child_process.js:979:11)
4 error     at Socket.emit (events.js:95:17)
4 error     at Pipe.close (net.js:466:12)
5 error If you need help, you may report this *entire* log,
5 error including the npm and node versions, at:
5 error     <http://github.com/npm/npm/issues>
6 error System Darwin 14.3.0
7 error command "/Users/benjamincoenen/.nvm/v0.10.38/bin/node" "/Users/benjamincoenen/.nvm/v0.10.38/bin/npm" "version" "patch" "-m" "Add keywords"
8 error cwd /Users/benjamincoenen/Perso/exo/node_modules/http-digest-client2
9 error node -v v0.10.38
10 error npm -v 1.4.28
11 verbose exit [ 1, true ]
